C51 COMPILER V9.60.7.0   MERGPROJ                                                          01/26/2023 22:48:17 PAGE 1   


C51 COMPILER V9.60.7.0, COMPILATION OF MODULE MERGPROJ
OBJECT MODULE PLACED IN .\Objects\mergproj.obj
COMPILER INVOKED BY: C:\Keil_v5\C51\BIN\C51.EXE mergproj.c OPTIMIZE(8,SPEED) BROWSE DEBUG OBJECTEXTEND PRINT(.\Listings\
                    -mergproj.lst) TABS(2) OBJECT(.\Objects\mergproj.obj)

line level    source

   1          #include<reg51.h>
   2          sbit red1=P1^0;
   3          sbit yellow1=P1^1;
   4          sbit green1=P1^2;
   5          sbit red2=P1^3;
   6          sbit yellow2=P1^4;
   7          sbit green2=P1^5;
   8          sbit red3=P1^6;
   9          sbit yellow3=P1^7;
  10          sbit green3=P3^2;
  11          //void delay1();
  12          //void delay2();
  13          void ssd_delay(int y);
  14          void main()
  15          {
  16   1      red1=yellow1=green1=0;
  17   1      red2=yellow2=green2=0;
  18   1      red3=yellow3=green3=0;
  19   1      while(3)
  20   1      {   
  21   2      green1=1;
  22   2      red2=1;
  23   2      red3=1; 
  24   2        ssd_delay(9);
  25   2        red2=0;
  26   2        yellow2=1;
  27   2        ssd_delay(5);
  28   2        green1=0;
  29   2        yellow2=0;
  30   2        green2=1;
  31   2        red1=1;
  32   2        ssd_delay(9);
  33   2        yellow3=1;
  34   2        red3=0;
  35   2        ssd_delay(5);
  36   2        green2=0;
  37   2        yellow3=0;
  38   2        green3=1;
  39   2        red2=1;
  40   2        ssd_delay(9);
  41   2        yellow1=1;
  42   2        red1=0;
  43   2        ssd_delay(5);
  44   2        yellow1=0;
  45   2        green3=0;
  46   2      }
  47   1      }
  48          void ssd_delay(int y)
  49          {
  50   1      unsigned char
  51   1      seg [10]={0xc0,0xf9,0xa4,0xb0,0x99,0x92,0x82,0xf8,0x80,0x90};
  52   1      unsigned char x;
  53   1      unsigned int i;
  54   1      P2=0x00;
C51 COMPILER V9.60.7.0   MERGPROJ                                                          01/26/2023 22:48:17 PAGE 2   

  55   1      for (x=0;x<y;x++)
  56   1        {
  57   2        P2=seg[x];
  58   2        for(i=0;i<40000;i++);
  59   2        }
  60   1      }
  61          


MODULE INFORMATION:   STATIC OVERLAYABLE
   CODE SIZE        =    173    ----
   CONSTANT SIZE    =     10    ----
   XDATA SIZE       =   ----    ----
   PDATA SIZE       =   ----    ----
   DATA SIZE        =   ----      13
   IDATA SIZE       =   ----    ----
   BIT SIZE         =   ----    ----
END OF MODULE INFORMATION.


C51 COMPILATION COMPLETE.  0 WARNING(S),  0 ERROR(S)
